빌드 시작: 2015-02-11 오후 2:59:24
     1>2 노드의 "C:\Users\Cho\Desktop\KuberaClientProject\KuberaClientProject_2010.vcxproj" 프로젝트(build 대상)입니다.
     1>InitializeBuildStatus:
         "AlwaysCreate"이(가) 지정되었기 때문에 "Debug\KuberaClientProject.unsuccessfulbuild"을(를) 만들고 있습니다.
       ClCompile:
         c:\Program Files (x86)\Microsoft Visual Studio 10.0\VC\bin\CL.exe /c /I"C:\Program Files\Autodesk\FBX\FBX SDK\2015.1\include" /IDXUT\Core /IDXUT\Optional /ZI /nologo /W4 /WX- /Od /Oi /Oy- /D WIN32 /D _DEBUG /D DEBUG /D PROFILE /D _WINDOWS /D D3DXFX_LARGEADDRESS_HANDLE /D _UNICODE /D UNICODE /Gm- /EHsc /RTC1 /MDd /GS /arch:SSE2 /fp:fast /Zc:wchar_t /Zc:forScope /openmp- /Fo"Debug\\" /Fd"Debug\vc100.pdb" /Gd /TP /analyze- /errorReport:prompt ControlManager.cpp  
         ControlManager.cpp
       ResourceCompile:
         모든 출력이 최신 상태입니다.
       ManifestResourceCompile:
         모든 출력이 최신 상태입니다.
       Link:
         c:\Program Files (x86)\Microsoft Visual Studio 10.0\VC\bin\link.exe /ERRORREPORT:PROMPT /OUT:"C:\Users\Cho\Desktop\KuberaClientProject\Debug\KuberaClientProject.exe" /INCREMENTAL /NOLOGO d3d11.lib d3dcompiler.lib d3dx11d.lib d3dx9d.lib dxerr.lib dxguid.lib winmm.lib comctl32.lib "libfbxsdk-md.lib" kernel32.lib user32.lib gdi32.lib winspool.lib comdlg32.lib advapi32.lib shell32.lib ole32.lib oleaut32.lib uuid.lib odbc32.lib odbccp32.lib /MANIFEST /ManifestFile:"Debug\KuberaClientProject.exe.intermediate.manifest" /MANIFESTUAC:"level='asInvoker' uiAccess='false'" /DEBUG /PDB:"C:\Users\Cho\Desktop\KuberaClientProject\Debug\KuberaClientProject.pdb" /SUBSYSTEM:WINDOWS /LARGEADDRESSAWARE /TLBID:1 /DYNAMICBASE /NXCOMPAT /IMPLIB:"C:\Users\Cho\Desktop\KuberaClientProject\Debug\KuberaClientProject.lib" /MACHINE:X86 Debug\KuberaClientProject.res
         Debug\KuberaClientProject.exe.embed.manifest.res
         Debug\ControlManager.obj
         Debug\DXUT.obj
         Debug\DXUTDevice11.obj
         Debug\DXUTDevice9.obj
         Debug\DXUTmisc.obj
         Debug\DXUTcamera.obj
         Debug\DXUTgui.obj
         Debug\DXUTres.obj
         Debug\DXUTsettingsdlg.obj
         Debug\SDKmesh.obj
         Debug\SDKmisc.obj
         Debug\GameFramework.obj
         Debug\GameObject.obj
         Debug\KuberaClientProject.obj
         Debug\Mesh.obj
         Debug\Scene.obj
         Debug\Shader.obj
         Debug\Textureclass.obj
         Debug\Timer.obj  
       Manifest:
         C:\Program Files (x86)\Microsoft SDKs\Windows\v7.0A\bin\mt.exe /nologo /verbose /out:"Debug\KuberaClientProject.exe.embed.manifest" /manifest Debug\KuberaClientProject.exe.intermediate.manifest "c:\Program Files (x86)\Microsoft Visual Studio 10.0\VC\Include\Manifest\dpiaware.manifest"
         모든 출력이 최신 상태입니다.
       LinkEmbedManifest:
         모든 출력이 최신 상태입니다.
         KuberaClientProject_2010.vcxproj -> C:\Users\Cho\Desktop\KuberaClientProject\Debug\KuberaClientProject.exe
       FinalizeBuildStatus:
         "Debug\KuberaClientProject.unsuccessfulbuild" 파일을 삭제하고 있습니다.
         "Debug\KuberaClientProject.lastbuildstate"에 연결(touching)하고 있습니다.
     1>"C:\Users\Cho\Desktop\KuberaClientProject\KuberaClientProject_2010.vcxproj" 프로젝트를 빌드했습니다(build 대상).

빌드했습니다.

경과 시간: 00:00:05.74
