빌드 시작: 2015-06-07 오후 11:39:32
     1>2 노드의 "C:\Users\cho\Desktop\KuberaServer\KuberaServer\KuberaServer.vcxproj" 프로젝트(build 대상)입니다.
     1>InitializeBuildStatus:
         "AlwaysCreate"이(가) 지정되었기 때문에 "Debug\KuberaServer.unsuccessfulbuild"을(를) 만들고 있습니다.
       ClCompile:
         C:\Program Files (x86)\Microsoft Visual Studio 10.0\VC\bin\CL.exe /c /ZI /nologo /W3 /WX- /Od /Oy- /D WIN32 /D _DEBUG /D _CONSOLE /D _UNICODE /D UNICODE /Gm /EHsc /RTC1 /MDd /GS /fp:precise /Zc:wchar_t /Zc:forScope /Fo"Debug\\" /Fd"Debug\vc100.pdb" /Gd /TP /analyze- /errorReport:prompt ArrangeData.cpp IOCP.cpp main.cpp Network.cpp stdafx.cpp Timer.cpp
         Timer.cpp
         stdafx.cpp
         Network.cpp
         main.cpp
         IOCP.cpp
     1>c:\users\cho\desktop\kuberaserver\kuberaserver\iocp.cpp(124): warning C4996: 'strcpy': This function or variable may be unsafe. Consider using strcpy_s instead. To disable deprecation, use _CRT_SECURE_NO_WARNINGS. See online help for details.
                 c:\program files (x86)\microsoft visual studio 10.0\vc\include\string.h(105) : 'strcpy' 선언을 참조하십시오.
     1>c:\users\cho\desktop\kuberaserver\kuberaserver\iocp.cpp(96): warning C4101: 'soklen2' :참조되지 않은 지역 변수입니다.
     1>c:\users\cho\desktop\kuberaserver\kuberaserver\iocp.cpp(92): warning C4101: 'sock_addr2' :참조되지 않은 지역 변수입니다.
     1>c:\users\cho\desktop\kuberaserver\kuberaserver\iocp.cpp(456): warning C4101: 'Buffer' :참조되지 않은 지역 변수입니다.
         ArrangeData.cpp
     1>c:\users\cho\desktop\kuberaserver\kuberaserver\arrangedata.cpp(577): warning C4244: '=' : 'int'에서 'float'(으)로 변환하면서 데이터가 손실될 수 있습니다.
     1>c:\users\cho\desktop\kuberaserver\kuberaserver\arrangedata.cpp(582): warning C4244: '=' : 'int'에서 'float'(으)로 변환하면서 데이터가 손실될 수 있습니다.
     1>c:\users\cho\desktop\kuberaserver\kuberaserver\arrangedata.cpp(589): warning C4244: '=' : 'int'에서 'float'(으)로 변환하면서 데이터가 손실될 수 있습니다.
     1>c:\users\cho\desktop\kuberaserver\kuberaserver\arrangedata.cpp(603): warning C4244: '=' : 'int'에서 'float'(으)로 변환하면서 데이터가 손실될 수 있습니다.
     1>c:\users\cho\desktop\kuberaserver\kuberaserver\arrangedata.cpp(608): warning C4244: '=' : 'int'에서 'float'(으)로 변환하면서 데이터가 손실될 수 있습니다.
     1>c:\users\cho\desktop\kuberaserver\kuberaserver\arrangedata.cpp(615): warning C4244: '=' : 'int'에서 'float'(으)로 변환하면서 데이터가 손실될 수 있습니다.
     1>c:\users\cho\desktop\kuberaserver\kuberaserver\arrangedata.cpp(629): warning C4244: '=' : 'int'에서 'float'(으)로 변환하면서 데이터가 손실될 수 있습니다.
     1>c:\users\cho\desktop\kuberaserver\kuberaserver\arrangedata.cpp(634): warning C4244: '=' : 'int'에서 'float'(으)로 변환하면서 데이터가 손실될 수 있습니다.
     1>c:\users\cho\desktop\kuberaserver\kuberaserver\arrangedata.cpp(641): warning C4244: '=' : 'int'에서 'float'(으)로 변환하면서 데이터가 손실될 수 있습니다.
     1>c:\users\cho\desktop\kuberaserver\kuberaserver\arrangedata.cpp(656): warning C4244: '=' : 'int'에서 'float'(으)로 변환하면서 데이터가 손실될 수 있습니다.
     1>c:\users\cho\desktop\kuberaserver\kuberaserver\arrangedata.cpp(661): warning C4244: '=' : 'int'에서 'float'(으)로 변환하면서 데이터가 손실될 수 있습니다.
     1>c:\users\cho\desktop\kuberaserver\kuberaserver\arrangedata.cpp(668): warning C4244: '=' : 'int'에서 'float'(으)로 변환하면서 데이터가 손실될 수 있습니다.
         코드를 생성하고 있습니다...
       ManifestResourceCompile:
         C:\Program Files (x86)\Microsoft SDKs\Windows\v7.0A\bin\rc.exe /nologo /fo"Debug\KuberaServer.exe.embed.manifest.res" Debug\KuberaServer_manifest.rc 
       Link:
         C:\Program Files (x86)\Microsoft Visual Studio 10.0\VC\bin\link.exe /ERRORREPORT:PROMPT /OUT:"C:\Users\cho\Desktop\KuberaServer\Debug\KuberaServer.exe" /INCREMENTAL /NOLOGO winmm.lib d3dx9.lib kernel32.lib user32.lib gdi32.lib winspool.lib comdlg32.lib advapi32.lib shell32.lib ole32.lib oleaut32.lib uuid.lib odbc32.lib odbccp32.lib /MANIFEST /ManifestFile:"Debug\KuberaServer.exe.intermediate.manifest" /MANIFESTUAC:"level='asInvoker' uiAccess='false'" /DEBUG /PDB:"C:\Users\cho\Desktop\KuberaServer\Debug\KuberaServer.pdb" /SUBSYSTEM:CONSOLE /TLBID:1 /DYNAMICBASE /NXCOMPAT /IMPLIB:"C:\Users\cho\Desktop\KuberaServer\Debug\KuberaServer.lib" /MACHINE:X86 Debug\KuberaServer.exe.embed.manifest.res
         Debug\ArrangeData.obj
         Debug\IOCP.obj
         Debug\main.obj
         Debug\Network.obj
         Debug\stdafx.obj
         Debug\Timer.obj
       Manifest:
         C:\Program Files (x86)\Microsoft SDKs\Windows\v7.0A\bin\mt.exe /nologo /verbose /out:"Debug\KuberaServer.exe.embed.manifest" /manifest Debug\KuberaServer.exe.intermediate.manifest
         C:\Program Files (x86)\Microsoft SDKs\Windows\v7.0A\bin\rc.exe /nologo /fo"Debug\KuberaServer.exe.embed.manifest.res" Debug\KuberaServer_manifest.rc 
       LinkEmbedManifest:
         C:\Program Files (x86)\Microsoft Visual Studio 10.0\VC\bin\link.exe /ERRORREPORT:PROMPT /OUT:"C:\Users\cho\Desktop\KuberaServer\Debug\KuberaServer.exe" /INCREMENTAL /NOLOGO winmm.lib d3dx9.lib kernel32.lib user32.lib gdi32.lib winspool.lib comdlg32.lib advapi32.lib shell32.lib ole32.lib oleaut32.lib uuid.lib odbc32.lib odbccp32.lib /MANIFEST /ManifestFile:"Debug\KuberaServer.exe.intermediate.manifest" /MANIFESTUAC:"level='asInvoker' uiAccess='false'" /DEBUG /PDB:"C:\Users\cho\Desktop\KuberaServer\Debug\KuberaServer.pdb" /SUBSYSTEM:CONSOLE /TLBID:1 /DYNAMICBASE /NXCOMPAT /IMPLIB:"C:\Users\cho\Desktop\KuberaServer\Debug\KuberaServer.lib" /MACHINE:X86 Debug\KuberaServer.exe.embed.manifest.res
         Debug\ArrangeData.obj
         Debug\IOCP.obj
         Debug\main.obj
         Debug\Network.obj
         Debug\stdafx.obj
         Debug\Timer.obj
         KuberaServer.vcxproj -> C:\Users\cho\Desktop\KuberaServer\Debug\KuberaServer.exe
       FinalizeBuildStatus:
         "Debug\KuberaServer.unsuccessfulbuild" 파일을 삭제하고 있습니다.
         "Debug\KuberaServer.lastbuildstate"에 연결(touching)하고 있습니다.
     1>"C:\Users\cho\Desktop\KuberaServer\KuberaServer\KuberaServer.vcxproj" 프로젝트를 빌드했습니다(build 대상).

빌드했습니다.

경과 시간: 00:00:03.02
