빌드 시작: 2015-01-30 오후 3:43:28
     1>2 노드의 "C:\Users\Cho\Desktop\졸업작품\kubera\Client\ObjectMove\ObjectMove.vcxproj" 프로젝트(build 대상)입니다.
     1>InitializeBuildStatus:
         "AlwaysCreate"이(가) 지정되었기 때문에 "Debug\ObjectMove.unsuccessfulbuild"을(를) 만들고 있습니다.
       ClCompile:
         c:\Program Files (x86)\Microsoft Visual Studio 10.0\VC\bin\CL.exe /c /ZI /nologo /W3 /WX- /Od /Oy- /D WIN32 /D _DEBUG /D _WINDOWS /D _UNICODE /D UNICODE /Gm /EHsc /RTC1 /MDd /GS /fp:precise /Zc:wchar_t /Zc:forScope /Yc"StdAfx.h" /Fp"Debug\ObjectMove.pch" /Fo"Debug\\" /Fd"Debug\vc100.pdb" /Gd /TP /analyze- /errorReport:prompt stdafx.cpp
         stdafx.cpp
         c:\Program Files (x86)\Microsoft Visual Studio 10.0\VC\bin\CL.exe /c /ZI /nologo /W3 /WX- /Od /Oy- /D WIN32 /D _DEBUG /D _WINDOWS /D _UNICODE /D UNICODE /Gm /EHsc /RTC1 /MDd /GS /fp:precise /Zc:wchar_t /Zc:forScope /Yu"StdAfx.h" /Fp"Debug\ObjectMove.pch" /Fo"Debug\\" /Fd"Debug\vc100.pdb" /Gd /TP /analyze- /errorReport:prompt Camera.cpp GameFramework.cpp Mesh.cpp Object.cpp ObjectMove.cpp Player.cpp Scene.cpp Shader.cpp Timer.cpp
         Timer.cpp
         Shader.cpp
     1>c:\users\cho\desktop\졸업작품\kubera\client\objectmove\shader.cpp(145): warning C4244: '초기화 중' : 'double'에서 'int'(으)로 변환하면서 데이터가 손실될 수 있습니다.
     1>c:\users\cho\desktop\졸업작품\kubera\client\objectmove\shader.cpp(145): warning C4244: '초기화 중' : 'double'에서 'int'(으)로 변환하면서 데이터가 손실될 수 있습니다.
     1>c:\users\cho\desktop\졸업작품\kubera\client\objectmove\shader.cpp(145): warning C4244: '초기화 중' : 'double'에서 'int'(으)로 변환하면서 데이터가 손실될 수 있습니다.
         Scene.cpp
         Player.cpp
         ObjectMove.cpp
         Object.cpp
         Mesh.cpp
         GameFramework.cpp
         Camera.cpp
         코드를 생성하고 있습니다...
       ResourceCompile:
         C:\Program Files (x86)\Microsoft SDKs\Windows\v7.0A\bin\rc.exe /D _UNICODE /D UNICODE /l"0x0409" /nologo /fo"Debug\ObjectMove.res" ObjectMove.rc 
       ManifestResourceCompile:
         C:\Program Files (x86)\Microsoft SDKs\Windows\v7.0A\bin\rc.exe /nologo /fo"Debug\ObjectMove.exe.embed.manifest.res" Debug\ObjectMove_manifest.rc 
       Link:
         c:\Program Files (x86)\Microsoft Visual Studio 10.0\VC\bin\link.exe /ERRORREPORT:PROMPT /OUT:"C:\Users\Cho\Desktop\졸업작품\kubera\Client\ObjectMove\Debug\ObjectMove.exe" /INCREMENTAL /NOLOGO d3d11.lib d3dx11d.lib d3dcompiler.lib d3dx9d.lib dxerr.lib dxguid.lib dinput8.lib winmm.lib kernel32.lib user32.lib gdi32.lib winspool.lib comdlg32.lib advapi32.lib shell32.lib ole32.lib oleaut32.lib uuid.lib odbc32.lib odbccp32.lib /MANIFEST /ManifestFile:"Debug\ObjectMove.exe.intermediate.manifest" /MANIFESTUAC:"level='asInvoker' uiAccess='false'" /DEBUG /PDB:"C:\Users\Cho\Desktop\졸업작품\kubera\Client\ObjectMove\Debug\ObjectMove.pdb" /SUBSYSTEM:WINDOWS /TLBID:1 /DYNAMICBASE /NXCOMPAT /IMPLIB:"C:\Users\Cho\Desktop\졸업작품\kubera\Client\ObjectMove\Debug\ObjectMove.lib" /MACHINE:X86 Debug\ObjectMove.res
         Debug\ObjectMove.exe.embed.manifest.res
         Debug\Camera.obj
         Debug\GameFramework.obj
         Debug\Mesh.obj
         Debug\Object.obj
         Debug\ObjectMove.obj
         Debug\Player.obj
         Debug\Scene.obj
         Debug\Shader.obj
         Debug\stdafx.obj
         Debug\Timer.obj
       Manifest:
         "Debug\ObjectMove.exe.embed.manifest" 파일을 삭제하고 있습니다.
         C:\Program Files (x86)\Microsoft SDKs\Windows\v7.0A\bin\mt.exe /nologo /verbose /out:"Debug\ObjectMove.exe.embed.manifest" /manifest Debug\ObjectMove.exe.intermediate.manifest
         C:\Program Files (x86)\Microsoft SDKs\Windows\v7.0A\bin\rc.exe /nologo /fo"Debug\ObjectMove.exe.embed.manifest.res" Debug\ObjectMove_manifest.rc 
       LinkEmbedManifest:
         c:\Program Files (x86)\Microsoft Visual Studio 10.0\VC\bin\link.exe /ERRORREPORT:PROMPT /OUT:"C:\Users\Cho\Desktop\졸업작품\kubera\Client\ObjectMove\Debug\ObjectMove.exe" /INCREMENTAL /NOLOGO d3d11.lib d3dx11d.lib d3dcompiler.lib d3dx9d.lib dxerr.lib dxguid.lib dinput8.lib winmm.lib kernel32.lib user32.lib gdi32.lib winspool.lib comdlg32.lib advapi32.lib shell32.lib ole32.lib oleaut32.lib uuid.lib odbc32.lib odbccp32.lib /MANIFEST /ManifestFile:"Debug\ObjectMove.exe.intermediate.manifest" /MANIFESTUAC:"level='asInvoker' uiAccess='false'" /DEBUG /PDB:"C:\Users\Cho\Desktop\졸업작품\kubera\Client\ObjectMove\Debug\ObjectMove.pdb" /SUBSYSTEM:WINDOWS /TLBID:1 /DYNAMICBASE /NXCOMPAT /IMPLIB:"C:\Users\Cho\Desktop\졸업작품\kubera\Client\ObjectMove\Debug\ObjectMove.lib" /MACHINE:X86 Debug\ObjectMove.res
         Debug\ObjectMove.exe.embed.manifest.res
         Debug\Camera.obj
         Debug\GameFramework.obj
         Debug\Mesh.obj
         Debug\Object.obj
         Debug\ObjectMove.obj
         Debug\Player.obj
         Debug\Scene.obj
         Debug\Shader.obj
         Debug\stdafx.obj
         Debug\Timer.obj
         ObjectMove.vcxproj -> C:\Users\Cho\Desktop\졸업작품\kubera\Client\ObjectMove\Debug\ObjectMove.exe
       FinalizeBuildStatus:
         "Debug\ObjectMove.unsuccessfulbuild" 파일을 삭제하고 있습니다.
         "Debug\ObjectMove.lastbuildstate"에 연결(touching)하고 있습니다.
     1>"C:\Users\Cho\Desktop\졸업작품\kubera\Client\ObjectMove\ObjectMove.vcxproj" 프로젝트를 빌드했습니다(build 대상).

빌드했습니다.

경과 시간: 00:00:02.48
