E:\DIRECTXPROJECT\OBJECTMOVE\DEBUG\CAMERA.OBJ
E:\DirectxProject\ObjectMove\Debug\cl.command.1.tlog
E:\DirectxProject\ObjectMove\Debug\CL.read.1.tlog
E:\DirectxProject\ObjectMove\Debug\CL.write.1.tlog
E:\DIRECTXPROJECT\OBJECTMOVE\DEBUG\GAMEFRAMEWORK.OBJ
E:\DirectxProject\ObjectMove\Debug\link.command.1.tlog
E:\DirectxProject\ObjectMove\Debug\link.read.1.tlog
E:\DirectxProject\ObjectMove\Debug\link.write.1.tlog
E:\DirectxProject\ObjectMove\Debug\link-cvtres.read.1.tlog
E:\DirectxProject\ObjectMove\Debug\link-cvtres.write.1.tlog
E:\DIRECTXPROJECT\OBJECTMOVE\DEBUG\MESH.OBJ
E:\DirectxProject\ObjectMove\Debug\mt.command.1.tlog
E:\DirectxProject\ObjectMove\Debug\mt.read.1.tlog
E:\DirectxProject\ObjectMove\Debug\mt.write.1.tlog
E:\DIRECTXPROJECT\OBJECTMOVE\DEBUG\OBJECT.OBJ
E:\DIRECTXPROJECT\OBJECTMOVE\DEBUG\OBJECTMOVE.EXE
E:\DIRECTXPROJECT\OBJECTMOVE\DEBUG\OBJECTMOVE.EXE.EMBED.MANIFEST
E:\DIRECTXPROJECT\OBJECTMOVE\DEBUG\OBJECTMOVE.EXE.EMBED.MANIFEST.RES
E:\DIRECTXPROJECT\OBJECTMOVE\DEBUG\OBJECTMOVE.EXE.INTERMEDIATE.MANIFEST
E:\DIRECTXPROJECT\OBJECTMOVE\DEBUG\OBJECTMOVE.ILK
E:\DIRECTXPROJECT\OBJECTMOVE\DEBUG\OBJECTMOVE.OBJ
E:\DIRECTXPROJECT\OBJECTMOVE\DEBUG\OBJECTMOVE.PCH
E:\DIRECTXPROJECT\OBJECTMOVE\DEBUG\OBJECTMOVE.PDB
E:\DIRECTXPROJECT\OBJECTMOVE\DEBUG\OBJECTMOVE.RES
E:\DirectxProject\ObjectMove\Debug\ObjectMove.vcxprojResolveAssemblyReference.cache
E:\DirectxProject\ObjectMove\Debug\ObjectMove.write.1.tlog
E:\DirectxProject\ObjectMove\Debug\ObjectMove_manifest.rc
E:\DIRECTXPROJECT\OBJECTMOVE\DEBUG\PLAYER.OBJ
E:\DirectxProject\ObjectMove\Debug\rc.command.1.tlog
E:\DirectxProject\ObjectMove\Debug\rc.read.1.tlog
E:\DirectxProject\ObjectMove\Debug\rc.write.1.tlog
E:\DIRECTXPROJECT\OBJECTMOVE\DEBUG\SCENE.OBJ
E:\DIRECTXPROJECT\OBJECTMOVE\DEBUG\SHADER.OBJ
E:\DIRECTXPROJECT\OBJECTMOVE\DEBUG\STDAFX.OBJ
E:\DIRECTXPROJECT\OBJECTMOVE\DEBUG\TIMER.OBJ
E:\DirectxProject\ObjectMove\Debug\vc100.idb
E:\DIRECTXPROJECT\OBJECTMOVE\DEBUG\VC100.PDB
